app/build/intermediates/manifest_merge_blame_file/debug/manifest-merger-blame-debug-report.txt
1<?xml version="1.0" encoding="utf-8"?>
2<manifest xmlns:android="http://schemas.android.com/apk/res/android"
3    package="com.sweetwater.encore"
4    android:versionCode="3"
5    android:versionName="1.0.10" >
6
7    <uses-sdk
8        android:minSdkVersion="29"
9        android:targetSdkVersion="34" />
10
11    <uses-permission android:name="android.permission.INTERNET" />
11-->src/main/AndroidManifest.xml:5:5-67
11-->src/main/AndroidManifest.xml:5:22-64
12    <uses-permission android:name="android.permission.VIBRATE" />
12-->src/main/AndroidManifest.xml:6:5-66
12-->src/main/AndroidManifest.xml:6:22-63
13
14    <uses-feature android:name="android.hardware.camera.any" />
14-->src/main/AndroidManifest.xml:7:5-64
14-->src/main/AndroidManifest.xml:7:19-61
15
16    <uses-permission android:name="android.permission.CAMERA" />
16-->src/main/AndroidManifest.xml:8:5-65
16-->src/main/AndroidManifest.xml:8:22-62
17    <uses-permission
17-->src/main/AndroidManifest.xml:9:5-10:38
18        android:name="android.permission.WRITE_EXTERNAL_STORAGE"
18-->src/main/AndroidManifest.xml:9:22-78
19        android:maxSdkVersion="28" />
19-->src/main/AndroidManifest.xml:10:9-35
20    <uses-permission android:name="android.permission.ACCESS_NETWORK_STATE" />
20-->[com.datadoghq:dd-sdk-android:1.17.1] AndroidManifest.xml:13:5-79
20-->[com.datadoghq:dd-sdk-android:1.17.1] AndroidManifest.xml:13:22-76
21
22    <queries>
22-->[androidx.camera:camera-extensions:1.2.2] AndroidManifest.xml:22:5-26:15
23        <intent>
23-->[androidx.camera:camera-extensions:1.2.2] AndroidManifest.xml:23:9-25:18
24            <action android:name="androidx.camera.extensions.action.VENDOR_ACTION" />
24-->[androidx.camera:camera-extensions:1.2.2] AndroidManifest.xml:24:13-86
24-->[androidx.camera:camera-extensions:1.2.2] AndroidManifest.xml:24:21-83
25        </intent>
26    </queries>
27
28    <uses-permission android:name="android.permission.WAKE_LOCK" />
28-->[androidx.work:work-runtime:2.7.1] AndroidManifest.xml:25:5-68
28-->[androidx.work:work-runtime:2.7.1] AndroidManifest.xml:25:22-65
29    <uses-permission android:name="android.permission.RECEIVE_BOOT_COMPLETED" />
29-->[androidx.work:work-runtime:2.7.1] AndroidManifest.xml:27:5-81
29-->[androidx.work:work-runtime:2.7.1] AndroidManifest.xml:27:22-78
30    <uses-permission android:name="android.permission.FOREGROUND_SERVICE" />
30-->[androidx.work:work-runtime:2.7.1] AndroidManifest.xml:28:5-77
30-->[androidx.work:work-runtime:2.7.1] AndroidManifest.xml:28:22-74
31
32    <permission
32-->[androidx.core:core:1.9.0] AndroidManifest.xml:22:5-24:47
33        android:name="com.sweetwater.encore.DYNAMIC_RECEIVER_NOT_EXPORTED_PERMISSION"
33-->[androidx.core:core:1.9.0] AndroidManifest.xml:23:9-81
34        android:protectionLevel="signature" />
34-->[androidx.core:core:1.9.0] AndroidManifest.xml:24:9-44
35
36    <uses-permission android:name="com.sweetwater.encore.DYNAMIC_RECEIVER_NOT_EXPORTED_PERMISSION" />
36-->[androidx.core:core:1.9.0] AndroidManifest.xml:26:5-97
36-->[androidx.core:core:1.9.0] AndroidManifest.xml:26:22-94
37
38    <application
38-->src/main/AndroidManifest.xml:12:5-34:19
39        android:name="com.sweetwater.encore.SweetWaterApplication"
39-->src/main/AndroidManifest.xml:13:9-46
40        android:allowBackup="true"
40-->src/main/AndroidManifest.xml:14:9-35
41        android:appComponentFactory="androidx.core.app.CoreComponentFactory"
41-->[androidx.core:core:1.9.0] AndroidManifest.xml:28:18-86
42        android:dataExtractionRules="@xml/data_extraction_rules"
42-->src/main/AndroidManifest.xml:15:9-65
43        android:debuggable="true"
44        android:extractNativeLibs="false"
45        android:fullBackupContent="@xml/backup_rules"
45-->src/main/AndroidManifest.xml:16:9-54
46        android:icon="@mipmap/encore_logo"
46-->src/main/AndroidManifest.xml:17:9-43
47        android:label="@string/encore_app_main_app_name"
47-->src/main/AndroidManifest.xml:18:9-57
48        android:supportsRtl="true"
48-->src/main/AndroidManifest.xml:19:9-35
49        android:testOnly="true"
50        android:theme="@style/Theme.SweetWater" >
50-->src/main/AndroidManifest.xml:20:9-48
51        <activity
51-->src/main/AndroidManifest.xml:22:9-33:20
52            android:name="com.sweetwater.encore.SweetWaterActivity"
52-->src/main/AndroidManifest.xml:23:13-47
53            android:exported="true"
53-->src/main/AndroidManifest.xml:24:13-36
54            android:label="@string/encore_app_main_app_name"
54-->src/main/AndroidManifest.xml:25:13-61
55            android:screenOrientation="portrait"
55-->src/main/AndroidManifest.xml:26:13-49
56            android:theme="@style/Theme.SweetWater" >
56-->src/main/AndroidManifest.xml:27:13-52
57            <intent-filter>
57-->src/main/AndroidManifest.xml:28:13-32:29
58                <action android:name="android.intent.action.MAIN" />
58-->src/main/AndroidManifest.xml:29:17-69
58-->src/main/AndroidManifest.xml:29:25-66
59
60                <category android:name="android.intent.category.LAUNCHER" />
60-->src/main/AndroidManifest.xml:31:17-77
60-->src/main/AndroidManifest.xml:31:27-74
61            </intent-filter>
62        </activity>
63
64        <uses-library
64-->[androidx.camera:camera-extensions:1.2.2] AndroidManifest.xml:29:9-31:40
65            android:name="androidx.camera.extensions.impl"
65-->[androidx.camera:camera-extensions:1.2.2] AndroidManifest.xml:30:13-59
66            android:required="false" />
66-->[androidx.camera:camera-extensions:1.2.2] AndroidManifest.xml:31:13-37
67
68        <service
68-->[androidx.camera:camera-camera2:1.2.2] AndroidManifest.xml:24:9-33:19
69            android:name="androidx.camera.core.impl.MetadataHolderService"
69-->[androidx.camera:camera-camera2:1.2.2] AndroidManifest.xml:25:13-75
70            android:enabled="false"
70-->[androidx.camera:camera-camera2:1.2.2] AndroidManifest.xml:26:13-36
71            android:exported="false" >
71-->[androidx.camera:camera-camera2:1.2.2] AndroidManifest.xml:27:13-37
72            <meta-data
72-->[androidx.camera:camera-camera2:1.2.2] AndroidManifest.xml:30:13-32:89
73                android:name="androidx.camera.core.impl.MetadataHolderService.DEFAULT_CONFIG_PROVIDER"
73-->[androidx.camera:camera-camera2:1.2.2] AndroidManifest.xml:31:17-103
74                android:value="androidx.camera.camera2.Camera2Config$DefaultProvider" />
74-->[androidx.camera:camera-camera2:1.2.2] AndroidManifest.xml:32:17-86
75        </service>
76
77        <activity
77-->[androidx.compose.ui:ui-tooling:1.4.3] AndroidManifest.xml:23:9-25:39
78            android:name="androidx.compose.ui.tooling.PreviewActivity"
78-->[androidx.compose.ui:ui-tooling:1.4.3] AndroidManifest.xml:24:13-71
79            android:exported="true" />
79-->[androidx.compose.ui:ui-tooling:1.4.3] AndroidManifest.xml:25:13-36
80
81        <provider
81-->[androidx.work:work-runtime:2.7.1] AndroidManifest.xml:31:9-39:20
82            android:name="androidx.startup.InitializationProvider"
82-->[androidx.work:work-runtime:2.7.1] AndroidManifest.xml:32:13-67
83            android:authorities="com.sweetwater.encore.androidx-startup"
83-->[androidx.work:work-runtime:2.7.1] AndroidManifest.xml:33:13-68
84            android:exported="false" >
84-->[androidx.work:work-runtime:2.7.1] AndroidManifest.xml:34:13-37
85            <meta-data
85-->[androidx.work:work-runtime:2.7.1] AndroidManifest.xml:36:13-38:52
86                android:name="androidx.work.WorkManagerInitializer"
86-->[androidx.work:work-runtime:2.7.1] AndroidManifest.xml:37:17-68
87                android:value="androidx.startup" />
87-->[androidx.work:work-runtime:2.7.1] AndroidManifest.xml:38:17-49
88            <meta-data
88-->[androidx.emoji2:emoji2:1.3.0] AndroidManifest.xml:29:13-31:52
89                android:name="androidx.emoji2.text.EmojiCompatInitializer"
89-->[androidx.emoji2:emoji2:1.3.0] AndroidManifest.xml:30:17-75
90                android:value="androidx.startup" />
90-->[androidx.emoji2:emoji2:1.3.0] AndroidManifest.xml:31:17-49
91            <meta-data
91-->[androidx.lifecycle:lifecycle-process:2.6.1] AndroidManifest.xml:29:13-31:52
92                android:name="androidx.lifecycle.ProcessLifecycleInitializer"
92-->[androidx.lifecycle:lifecycle-process:2.6.1] AndroidManifest.xml:30:17-78
93                android:value="androidx.startup" />
93-->[androidx.lifecycle:lifecycle-process:2.6.1] AndroidManifest.xml:31:17-49
94            <meta-data
94-->[androidx.profileinstaller:profileinstaller:1.3.1] AndroidManifest.xml:29:13-31:52
95                android:name="androidx.profileinstaller.ProfileInstallerInitializer"
95-->[androidx.profileinstaller:profileinstaller:1.3.1] AndroidManifest.xml:30:17-85
96                android:value="androidx.startup" />
96-->[androidx.profileinstaller:profileinstaller:1.3.1] AndroidManifest.xml:31:17-49
97        </provider>
98
99        <service
99-->[androidx.work:work-runtime:2.7.1] AndroidManifest.xml:41:9-46:35
100            android:name="androidx.work.impl.background.systemalarm.SystemAlarmService"
100-->[androidx.work:work-runtime:2.7.1] AndroidManifest.xml:42:13-88
101            android:directBootAware="false"
101-->[androidx.work:work-runtime:2.7.1] AndroidManifest.xml:43:13-44
102            android:enabled="@bool/enable_system_alarm_service_default"
102-->[androidx.work:work-runtime:2.7.1] AndroidManifest.xml:44:13-72
103            android:exported="false" />
103-->[androidx.work:work-runtime:2.7.1] AndroidManifest.xml:45:13-37
104        <service
104-->[androidx.work:work-runtime:2.7.1] AndroidManifest.xml:47:9-53:35
105            android:name="androidx.work.impl.background.systemjob.SystemJobService"
105-->[androidx.work:work-runtime:2.7.1] AndroidManifest.xml:48:13-84
106            android:directBootAware="false"
106-->[androidx.work:work-runtime:2.7.1] AndroidManifest.xml:49:13-44
107            android:enabled="@bool/enable_system_job_service_default"
107-->[androidx.work:work-runtime:2.7.1] AndroidManifest.xml:50:13-70
108            android:exported="true"
108-->[androidx.work:work-runtime:2.7.1] AndroidManifest.xml:51:13-36
109            android:permission="android.permission.BIND_JOB_SERVICE" />
109-->[androidx.work:work-runtime:2.7.1] AndroidManifest.xml:52:13-69
110        <service
110-->[androidx.work:work-runtime:2.7.1] AndroidManifest.xml:54:9-59:35
111            android:name="androidx.work.impl.foreground.SystemForegroundService"
111-->[androidx.work:work-runtime:2.7.1] AndroidManifest.xml:55:13-81
112            android:directBootAware="false"
112-->[androidx.work:work-runtime:2.7.1] AndroidManifest.xml:56:13-44
113            android:enabled="@bool/enable_system_foreground_service_default"
113-->[androidx.work:work-runtime:2.7.1] AndroidManifest.xml:57:13-77
114            android:exported="false" />
114-->[androidx.work:work-runtime:2.7.1] AndroidManifest.xml:58:13-37
115
116        <receiver
116-->[androidx.work:work-runtime:2.7.1] AndroidManifest.xml:61:9-66:35
117            android:name="androidx.work.impl.utils.ForceStopRunnable$BroadcastReceiver"
117-->[androidx.work:work-runtime:2.7.1] AndroidManifest.xml:62:13-88
118            android:directBootAware="false"
118-->[androidx.work:work-runtime:2.7.1] AndroidManifest.xml:63:13-44
119            android:enabled="true"
119-->[androidx.work:work-runtime:2.7.1] AndroidManifest.xml:64:13-35
120            android:exported="false" />
120-->[androidx.work:work-runtime:2.7.1] AndroidManifest.xml:65:13-37
121        <receiver
121-->[androidx.work:work-runtime:2.7.1] AndroidManifest.xml:67:9-77:20
122            android:name="androidx.work.impl.background.systemalarm.ConstraintProxy$BatteryChargingProxy"
122-->[androidx.work:work-runtime:2.7.1] AndroidManifest.xml:68:13-106
123            android:directBootAware="false"
123-->[androidx.work:work-runtime:2.7.1] AndroidManifest.xml:69:13-44
124            android:enabled="false"
124-->[androidx.work:work-runtime:2.7.1] AndroidManifest.xml:70:13-36
125            android:exported="false" >
125-->[androidx.work:work-runtime:2.7.1] AndroidManifest.xml:71:13-37
126            <intent-filter>
126-->[androidx.work:work-runtime:2.7.1] AndroidManifest.xml:73:13-76:29
127                <action android:name="android.intent.action.ACTION_POWER_CONNECTED" />
127-->[androidx.work:work-runtime:2.7.1] AndroidManifest.xml:74:17-87
127-->[androidx.work:work-runtime:2.7.1] AndroidManifest.xml:74:25-84
128                <action android:name="android.intent.action.ACTION_POWER_DISCONNECTED" />
128-->[androidx.work:work-runtime:2.7.1] AndroidManifest.xml:75:17-90
128-->[androidx.work:work-runtime:2.7.1] AndroidManifest.xml:75:25-87
129            </intent-filter>
130        </receiver>
131        <receiver
131-->[androidx.work:work-runtime:2.7.1] AndroidManifest.xml:78:9-88:20
132            android:name="androidx.work.impl.background.systemalarm.ConstraintProxy$BatteryNotLowProxy"
132-->[androidx.work:work-runtime:2.7.1] AndroidManifest.xml:79:13-104
133            android:directBootAware="false"
133-->[androidx.work:work-runtime:2.7.1] AndroidManifest.xml:80:13-44
134            android:enabled="false"
134-->[androidx.work:work-runtime:2.7.1] AndroidManifest.xml:81:13-36
135            android:exported="false" >
135-->[androidx.work:work-runtime:2.7.1] AndroidManifest.xml:82:13-37
136            <intent-filter>
136-->[androidx.work:work-runtime:2.7.1] AndroidManifest.xml:84:13-87:29
137                <action android:name="android.intent.action.BATTERY_OKAY" />
137-->[androidx.work:work-runtime:2.7.1] AndroidManifest.xml:85:17-77
137-->[androidx.work:work-runtime:2.7.1] AndroidManifest.xml:85:25-74
138                <action android:name="android.intent.action.BATTERY_LOW" />
138-->[androidx.work:work-runtime:2.7.1] AndroidManifest.xml:86:17-76
138-->[androidx.work:work-runtime:2.7.1] AndroidManifest.xml:86:25-73
139            </intent-filter>
140        </receiver>
141        <receiver
141-->[androidx.work:work-runtime:2.7.1] AndroidManifest.xml:89:9-99:20
142            android:name="androidx.work.impl.background.systemalarm.ConstraintProxy$StorageNotLowProxy"
142-->[androidx.work:work-runtime:2.7.1] AndroidManifest.xml:90:13-104
143            android:directBootAware="false"
143-->[androidx.work:work-runtime:2.7.1] AndroidManifest.xml:91:13-44
144            android:enabled="false"
144-->[androidx.work:work-runtime:2.7.1] AndroidManifest.xml:92:13-36
145            android:exported="false" >
145-->[androidx.work:work-runtime:2.7.1] AndroidManifest.xml:93:13-37
146            <intent-filter>
146-->[androidx.work:work-runtime:2.7.1] AndroidManifest.xml:95:13-98:29
147                <action android:name="android.intent.action.DEVICE_STORAGE_LOW" />
147-->[androidx.work:work-runtime:2.7.1] AndroidManifest.xml:96:17-83
147-->[androidx.work:work-runtime:2.7.1] AndroidManifest.xml:96:25-80
148                <action android:name="android.intent.action.DEVICE_STORAGE_OK" />
148-->[androidx.work:work-runtime:2.7.1] AndroidManifest.xml:97:17-82
148-->[androidx.work:work-runtime:2.7.1] AndroidManifest.xml:97:25-79
149            </intent-filter>
150        </receiver>
151        <receiver
151-->[androidx.work:work-runtime:2.7.1] AndroidManifest.xml:100:9-109:20
152            android:name="androidx.work.impl.background.systemalarm.ConstraintProxy$NetworkStateProxy"
152-->[androidx.work:work-runtime:2.7.1] AndroidManifest.xml:101:13-103
153            android:directBootAware="false"
153-->[androidx.work:work-runtime:2.7.1] AndroidManifest.xml:102:13-44
154            android:enabled="false"
154-->[androidx.work:work-runtime:2.7.1] AndroidManifest.xml:103:13-36
155            android:exported="false" >
155-->[androidx.work:work-runtime:2.7.1] AndroidManifest.xml:104:13-37
156            <intent-filter>
156-->[androidx.work:work-runtime:2.7.1] AndroidManifest.xml:106:13-108:29
157                <action android:name="android.net.conn.CONNECTIVITY_CHANGE" />
157-->[androidx.work:work-runtime:2.7.1] AndroidManifest.xml:107:17-79
157-->[androidx.work:work-runtime:2.7.1] AndroidManifest.xml:107:25-76
158            </intent-filter>
159        </receiver>
160        <receiver
160-->[androidx.work:work-runtime:2.7.1] AndroidManifest.xml:110:9-121:20
161            android:name="androidx.work.impl.background.systemalarm.RescheduleReceiver"
161-->[androidx.work:work-runtime:2.7.1] AndroidManifest.xml:111:13-88
162            android:directBootAware="false"
162-->[androidx.work:work-runtime:2.7.1] AndroidManifest.xml:112:13-44
163            android:enabled="false"
163-->[androidx.work:work-runtime:2.7.1] AndroidManifest.xml:113:13-36
164            android:exported="false" >
164-->[androidx.work:work-runtime:2.7.1] AndroidManifest.xml:114:13-37
165            <intent-filter>
165-->[androidx.work:work-runtime:2.7.1] AndroidManifest.xml:116:13-120:29
166                <action android:name="android.intent.action.BOOT_COMPLETED" />
166-->[androidx.work:work-runtime:2.7.1] AndroidManifest.xml:117:17-79
166-->[androidx.work:work-runtime:2.7.1] AndroidManifest.xml:117:25-76
167                <action android:name="android.intent.action.TIME_SET" />
167-->[androidx.work:work-runtime:2.7.1] AndroidManifest.xml:118:17-73
167-->[androidx.work:work-runtime:2.7.1] AndroidManifest.xml:118:25-70
168                <action android:name="android.intent.action.TIMEZONE_CHANGED" />
168-->[androidx.work:work-runtime:2.7.1] AndroidManifest.xml:119:17-81
168-->[androidx.work:work-runtime:2.7.1] AndroidManifest.xml:119:25-78
169            </intent-filter>
170        </receiver>
171        <receiver
171-->[androidx.work:work-runtime:2.7.1] AndroidManifest.xml:122:9-131:20
172            android:name="androidx.work.impl.background.systemalarm.ConstraintProxyUpdateReceiver"
172-->[androidx.work:work-runtime:2.7.1] AndroidManifest.xml:123:13-99
173            android:directBootAware="false"
173-->[androidx.work:work-runtime:2.7.1] AndroidManifest.xml:124:13-44
174            android:enabled="@bool/enable_system_alarm_service_default"
174-->[androidx.work:work-runtime:2.7.1] AndroidManifest.xml:125:13-72
175            android:exported="false" >
175-->[androidx.work:work-runtime:2.7.1] AndroidManifest.xml:126:13-37
176            <intent-filter>
176-->[androidx.work:work-runtime:2.7.1] AndroidManifest.xml:128:13-130:29
177                <action android:name="androidx.work.impl.background.systemalarm.UpdateProxies" />
177-->[androidx.work:work-runtime:2.7.1] AndroidManifest.xml:129:17-98
177-->[androidx.work:work-runtime:2.7.1] AndroidManifest.xml:129:25-95
178            </intent-filter>
179        </receiver>
180        <receiver
180-->[androidx.work:work-runtime:2.7.1] AndroidManifest.xml:132:9-142:20
181            android:name="androidx.work.impl.diagnostics.DiagnosticsReceiver"
181-->[androidx.work:work-runtime:2.7.1] AndroidManifest.xml:133:13-78
182            android:directBootAware="false"
182-->[androidx.work:work-runtime:2.7.1] AndroidManifest.xml:134:13-44
183            android:enabled="true"
183-->[androidx.work:work-runtime:2.7.1] AndroidManifest.xml:135:13-35
184            android:exported="true"
184-->[androidx.work:work-runtime:2.7.1] AndroidManifest.xml:136:13-36
185            android:permission="android.permission.DUMP" >
185-->[androidx.work:work-runtime:2.7.1] AndroidManifest.xml:137:13-57
186            <intent-filter>
186-->[androidx.work:work-runtime:2.7.1] AndroidManifest.xml:139:13-141:29
187                <action android:name="androidx.work.diagnostics.REQUEST_DIAGNOSTICS" />
187-->[androidx.work:work-runtime:2.7.1] AndroidManifest.xml:140:17-88
187-->[androidx.work:work-runtime:2.7.1] AndroidManifest.xml:140:25-85
188            </intent-filter>
189        </receiver>
190
191        <activity
191-->[androidx.compose.ui:ui-test-manifest:1.4.3] AndroidManifest.xml:23:9-25:39
192            android:name="androidx.activity.ComponentActivity"
192-->[androidx.compose.ui:ui-test-manifest:1.4.3] AndroidManifest.xml:24:13-63
193            android:exported="true" />
193-->[androidx.compose.ui:ui-test-manifest:1.4.3] AndroidManifest.xml:25:13-36
194
195        <service
195-->[androidx.room:room-runtime:2.2.5] AndroidManifest.xml:25:9-28:40
196            android:name="androidx.room.MultiInstanceInvalidationService"
196-->[androidx.room:room-runtime:2.2.5] AndroidManifest.xml:26:13-74
197            android:directBootAware="true"
197-->[androidx.room:room-runtime:2.2.5] AndroidManifest.xml:27:13-43
198            android:exported="false" />
198-->[androidx.room:room-runtime:2.2.5] AndroidManifest.xml:28:13-37
199
200        <receiver
200-->[androidx.profileinstaller:profileinstaller:1.3.1] AndroidManifest.xml:34:9-52:20
201            android:name="androidx.profileinstaller.ProfileInstallReceiver"
201-->[androidx.profileinstaller:profileinstaller:1.3.1] AndroidManifest.xml:35:13-76
202            android:directBootAware="false"
202-->[androidx.profileinstaller:profileinstaller:1.3.1] AndroidManifest.xml:36:13-44
203            android:enabled="true"
203-->[androidx.profileinstaller:profileinstaller:1.3.1] AndroidManifest.xml:37:13-35
204            android:exported="true"
204-->[androidx.profileinstaller:profileinstaller:1.3.1] AndroidManifest.xml:38:13-36
205            android:permission="android.permission.DUMP" >
205-->[androidx.profileinstaller:profileinstaller:1.3.1] AndroidManifest.xml:39:13-57
206            <intent-filter>
206-->[androidx.profileinstaller:profileinstaller:1.3.1] AndroidManifest.xml:40:13-42:29
207                <action android:name="androidx.profileinstaller.action.INSTALL_PROFILE" />
207-->[androidx.profileinstaller:profileinstaller:1.3.1] AndroidManifest.xml:41:17-91
207-->[androidx.profileinstaller:profileinstaller:1.3.1] AndroidManifest.xml:41:25-88
208            </intent-filter>
209            <intent-filter>
209-->[androidx.profileinstaller:profileinstaller:1.3.1] AndroidManifest.xml:43:13-45:29
210                <action android:name="androidx.profileinstaller.action.SKIP_FILE" />
210-->[androidx.profileinstaller:profileinstaller:1.3.1] AndroidManifest.xml:44:17-85
210-->[androidx.profileinstaller:profileinstaller:1.3.1] AndroidManifest.xml:44:25-82
211            </intent-filter>
212            <intent-filter>
212-->[androidx.profileinstaller:profileinstaller:1.3.1] AndroidManifest.xml:46:13-48:29
213                <action android:name="androidx.profileinstaller.action.SAVE_PROFILE" />
213-->[androidx.profileinstaller:profileinstaller:1.3.1] AndroidManifest.xml:47:17-88
213-->[androidx.profileinstaller:profileinstaller:1.3.1] AndroidManifest.xml:47:25-85
214            </intent-filter>
215            <intent-filter>
215-->[androidx.profileinstaller:profileinstaller:1.3.1] AndroidManifest.xml:49:13-51:29
216                <action android:name="androidx.profileinstaller.action.BENCHMARK_OPERATION" />
216-->[androidx.profileinstaller:profileinstaller:1.3.1] AndroidManifest.xml:50:17-95
216-->[androidx.profileinstaller:profileinstaller:1.3.1] AndroidManifest.xml:50:25-92
217            </intent-filter>
218        </receiver>
219    </application>
220
221</manifest>